<?xml version="1.0" encoding="UTF-8"?>
<!-- Generated by org.testng.reporters.JUnitXMLReporter -->
<testsuite ignored="1" hostname="APL-PG02H75Z" failures="0" tests="6" name="Car Loan" time="0.127" errors="0" timestamp="2025-01-02T14:56:25 IST">
  <testcase classname="test.day3" name="LoginSignOutCarLoan" time="0.012"/>
  <testcase classname="test.day3" name="MobileLoginCarLoan" time="0.005"/>
  <testcase classname="test.day3" name="WebLoginCarLoan" time="0.009"/>
  <testcase classname="test.day3" name="WebLoginCarLoan" time="0.003"/>
  <testcase classname="test.day3" name="WebLoginCarLoan" time="0.003"/>
  <testcase classname="test.day3" name="LoginAPICarLoan" time="0.002"/>
  <testcase classname="test.day3" name="LoginSigninCarLoan" time="0.0">
    <ignored/>
  </testcase> <!-- LoginSigninCarLoan -->
</testsuite> <!-- Car Loan -->
