<?xml version="1.0" encoding="UTF-8"?>
<!-- Generated by org.testng.reporters.JUnitXMLReporter -->
<testsuite ignored="8" hostname="APL-PG02H75Z" failures="0" tests="3" name="Regression" time="0.07" errors="0" timestamp="2025-01-02T12:44:17 IST">
  <testcase classname="test.day2" name="ploan" time="0.011"/>
  <testcase classname="test.day3" name="MobileLoginCarLoan" time="0.001"/>
  <testcase classname="test.day4" name="MobileLoginHomeLoan" time="0.002"/>
  <testcase classname="test.day1" name="day1Demo" time="0.0">
    <ignored/>
  </testcase> <!-- day1Demo -->
  <testcase classname="test.day3" name="LoginAPICarLoan" time="0.0">
    <ignored/>
  </testcase> <!-- LoginAPICarLoan -->
  <testcase classname="test.day3" name="LoginSignOutCarLoan" time="0.0">
    <ignored/>
  </testcase> <!-- LoginSignOutCarLoan -->
  <testcase classname="test.day4" name="LoginAPIHomeLoan" time="0.0">
    <ignored/>
  </testcase> <!-- LoginAPIHomeLoan -->
  <testcase classname="test.day4" name="WebLoginHomeLoan" time="0.0">
    <ignored/>
  </testcase> <!-- WebLoginHomeLoan -->
  <testcase classname="test.day3" name="WebLoginCarLoan" time="0.0">
    <ignored/>
  </testcase> <!-- WebLoginCarLoan -->
  <testcase classname="test.day1" name="demo" time="0.0">
    <ignored/>
  </testcase> <!-- demo -->
  <testcase classname="test.day3" name="LoginSigninCarLoan" time="0.0">
    <ignored/>
  </testcase> <!-- LoginSigninCarLoan -->
</testsuite> <!-- Regression -->
