<?xml version="1.0" encoding="UTF-8"?>
<testng-results ignored="0" total="1" passed="1" failed="0" skipped="0">
  <reporter-output>
  </reporter-output>
  <suite started-at="2025-01-02T20:04:48 IST" name="Default suite" finished-at="2025-01-02T20:04:48 IST" duration-ms="56">
    <groups>
    </groups>
    <test started-at="2025-01-02T20:04:48 IST" name="Default test" finished-at="2025-01-02T20:04:48 IST" duration-ms="56">
      <class name="inheritanceConcept.PS1">
        <test-method is-config="true" signature="beforeMethod()[pri:0, instance:inheritanceConcept.PS1@78691363]" started-at="2025-01-02T20:04:48 IST" name="beforeMethod" finished-at="2025-01-02T20:04:48 IST" duration-ms="6" status="PASS">
          <reporter-output>
          </reporter-output>
        </test-method> <!-- beforeMethod -->
        <test-method signature="testRun()[pri:0, instance:inheritanceConcept.PS1@78691363]" started-at="2025-01-02T20:04:48 IST" name="testRun" finished-at="2025-01-02T20:04:48 IST" duration-ms="9" status="PASS">
          <reporter-output>
          </reporter-output>
        </test-method> <!-- testRun -->
        <test-method is-config="true" signature="afterMethod()[pri:0, instance:inheritanceConcept.PS1@78691363]" started-at="2025-01-02T20:04:48 IST" name="afterMethod" finished-at="2025-01-02T20:04:48 IST" duration-ms="1" status="PASS">
          <reporter-output>
          </reporter-output>
        </test-method> <!-- afterMethod -->
      </class> <!-- inheritanceConcept.PS1 -->
    </test> <!-- Default test -->
  </suite> <!-- Default suite -->
</testng-results>
